[0.019s] Invoking command in '/home/shengda/dev_ws/build/my_bot': CMAKE_PREFIX_PATH=${CMAKE_PREFIX_PATH}:/opt/ros/foxy CONDA_PROMPT_MODIFIER=(ros2_foxy) /usr/bin/cmake --build /home/shengda/dev_ws/build/my_bot -- -j8 -l8
[0.110s] Invoked command in '/home/shengda/dev_ws/build/my_bot' returned '0': CMAKE_PREFIX_PATH=${CMAKE_PREFIX_PATH}:/opt/ros/foxy CONDA_PROMPT_MODIFIER=(ros2_foxy) /usr/bin/cmake --build /home/shengda/dev_ws/build/my_bot -- -j8 -l8
[0.132s] Invoking command in '/home/shengda/dev_ws/build/my_bot': CMAKE_PREFIX_PATH=${CMAKE_PREFIX_PATH}:/opt/ros/foxy CONDA_PROMPT_MODIFIER=(ros2_foxy) /usr/bin/cmake --install /home/shengda/dev_ws/build/my_bot
[0.149s] -- Install configuration: ""
[0.149s] -- Execute custom install script
[0.151s] -- Up-to-date symlink: /home/shengda/dev_ws/install/my_bot/share/my_bot/config/empty.yaml
[0.151s] -- Up-to-date symlink: /home/shengda/dev_ws/install/my_bot/share/my_bot/config/view_bot.rviz
[0.152s] -- Up-to-date symlink: /home/shengda/dev_ws/install/my_bot/share/my_bot/description/inertial_macros.xacro
[0.153s] -- Up-to-date symlink: /home/shengda/dev_ws/install/my_bot/share/my_bot/description/robot.urdf.xacro
[0.153s] -- Up-to-date symlink: /home/shengda/dev_ws/install/my_bot/share/my_bot/description/robot_core.xacro
[0.154s] -- Symlinking: /home/shengda/dev_ws/install/my_bot/share/my_bot/launch/launch_sim.launch.py
[0.166s] -- Up-to-date symlink: /home/shengda/dev_ws/install/my_bot/share/my_bot/launch/rsp.launch.py
[0.166s] -- Up-to-date symlink: /home/shengda/dev_ws/install/my_bot/share/my_bot/worlds/empty.world
[0.166s] -- Up-to-date symlink: /home/shengda/dev_ws/install/my_bot/share/ament_index/resource_index/package_run_dependencies/my_bot
[0.166s] -- Up-to-date symlink: /home/shengda/dev_ws/install/my_bot/share/ament_index/resource_index/parent_prefix_path/my_bot
[0.167s] -- Up-to-date symlink: /home/shengda/dev_ws/install/my_bot/share/my_bot/environment/ament_prefix_path.sh
[0.167s] -- Up-to-date symlink: /home/shengda/dev_ws/install/my_bot/share/my_bot/environment/ament_prefix_path.dsv
[0.167s] -- Up-to-date symlink: /home/shengda/dev_ws/install/my_bot/share/my_bot/environment/path.sh
[0.167s] -- Up-to-date symlink: /home/shengda/dev_ws/install/my_bot/share/my_bot/environment/path.dsv
[0.168s] -- Up-to-date symlink: /home/shengda/dev_ws/install/my_bot/share/my_bot/local_setup.bash
[0.168s] -- Up-to-date symlink: /home/shengda/dev_ws/install/my_bot/share/my_bot/local_setup.sh
[0.168s] -- Up-to-date symlink: /home/shengda/dev_ws/install/my_bot/share/my_bot/local_setup.zsh
[0.168s] -- Up-to-date symlink: /home/shengda/dev_ws/install/my_bot/share/my_bot/local_setup.dsv
[0.168s] -- Symlinking: /home/shengda/dev_ws/install/my_bot/share/my_bot/package.dsv
[0.180s] -- Up-to-date symlink: /home/shengda/dev_ws/install/my_bot/share/ament_index/resource_index/packages/my_bot
[0.180s] -- Up-to-date symlink: /home/shengda/dev_ws/install/my_bot/share/my_bot/cmake/my_botConfig.cmake
[0.180s] -- Up-to-date symlink: /home/shengda/dev_ws/install/my_bot/share/my_bot/cmake/my_botConfig-version.cmake
[0.180s] -- Up-to-date symlink: /home/shengda/dev_ws/install/my_bot/share/my_bot/package.xml
[0.183s] Invoked command in '/home/shengda/dev_ws/build/my_bot' returned '0': CMAKE_PREFIX_PATH=${CMAKE_PREFIX_PATH}:/opt/ros/foxy CONDA_PROMPT_MODIFIER=(ros2_foxy) /usr/bin/cmake --install /home/shengda/dev_ws/build/my_bot
