[0.022s] Invoking command in '/home/shengda/dev_ws/build/my_bot': CMAKE_PREFIX_PATH=/opt/ros/foxy CONDA_PROMPT_MODIFIER=(base) /usr/bin/cmake /home/shengda/dev_ws/src/my_bot -DAMENT_CMAKE_SYMLINK_INSTALL=1 -DCMAKE_INSTALL_PREFIX=/home/shengda/dev_ws/install/my_bot
[0.044s] -- Found ament_cmake: 0.9.12 (/opt/ros/foxy/share/ament_cmake/cmake)
[0.072s] -- Using PYTHON_EXECUTABLE: /home/shengda/anaconda3/bin/python3
[0.341s] -- Override CMake install command with custom implementation using symlinks instead of copying resources
[0.351s] -- Found ament_lint_auto: 0.9.8 (/opt/ros/foxy/share/ament_lint_auto/cmake)
[0.547s] -- Added test 'copyright' to check source files copyright and LICENSE
[0.558s] -- Added test 'flake8' to check Python code syntax and style conventions
[0.561s] -- Added test 'lint_cmake' to check CMake code style
[0.562s] -- Added test 'pep257' to check Python code against some of the style conventions in PEP 257
[0.569s] -- Added test 'xmllint' to check XML markup files
[0.574s] -- Configuring done
[0.577s] -- Generating done
[0.580s] -- Build files have been written to: /home/shengda/dev_ws/build/my_bot
[0.584s] Invoked command in '/home/shengda/dev_ws/build/my_bot' returned '0': CMAKE_PREFIX_PATH=/opt/ros/foxy CONDA_PROMPT_MODIFIER=(base) /usr/bin/cmake /home/shengda/dev_ws/src/my_bot -DAMENT_CMAKE_SYMLINK_INSTALL=1 -DCMAKE_INSTALL_PREFIX=/home/shengda/dev_ws/install/my_bot
[0.589s] Invoking command in '/home/shengda/dev_ws/build/my_bot': CMAKE_PREFIX_PATH=/opt/ros/foxy CONDA_PROMPT_MODIFIER=(base) /usr/bin/cmake --build /home/shengda/dev_ws/build/my_bot -- -j8 -l8
[0.651s] Invoked command in '/home/shengda/dev_ws/build/my_bot' returned '0': CMAKE_PREFIX_PATH=/opt/ros/foxy CONDA_PROMPT_MODIFIER=(base) /usr/bin/cmake --build /home/shengda/dev_ws/build/my_bot -- -j8 -l8
[0.674s] Invoking command in '/home/shengda/dev_ws/build/my_bot': CMAKE_PREFIX_PATH=/opt/ros/foxy CONDA_PROMPT_MODIFIER=(base) /usr/bin/cmake --install /home/shengda/dev_ws/build/my_bot
[0.686s] -- Install configuration: ""
[0.687s] -- Execute custom install script
[0.688s] -- Symlinking: /home/shengda/dev_ws/install/my_bot/share/my_bot/config/empty.yaml
[0.704s] -- Symlinking: /home/shengda/dev_ws/install/my_bot/share/my_bot/description/robot.urdf.xacro
[0.718s] -- Symlinking: /home/shengda/dev_ws/install/my_bot/share/my_bot/launch/rsp.launch.py
[0.733s] -- Symlinking: /home/shengda/dev_ws/install/my_bot/share/my_bot/worlds/empty.world
[0.747s] -- Symlinking: /home/shengda/dev_ws/install/my_bot/share/ament_index/resource_index/package_run_dependencies/my_bot
[0.762s] -- Symlinking: /home/shengda/dev_ws/install/my_bot/share/ament_index/resource_index/parent_prefix_path/my_bot
[0.777s] -- Symlinking: /home/shengda/dev_ws/install/my_bot/share/my_bot/environment/ament_prefix_path.sh
[0.790s] -- Symlinking: /home/shengda/dev_ws/install/my_bot/share/my_bot/environment/ament_prefix_path.dsv
[0.804s] -- Symlinking: /home/shengda/dev_ws/install/my_bot/share/my_bot/environment/path.sh
[0.819s] -- Symlinking: /home/shengda/dev_ws/install/my_bot/share/my_bot/environment/path.dsv
[0.833s] -- Symlinking: /home/shengda/dev_ws/install/my_bot/share/my_bot/local_setup.bash
[0.848s] -- Symlinking: /home/shengda/dev_ws/install/my_bot/share/my_bot/local_setup.sh
[0.863s] -- Symlinking: /home/shengda/dev_ws/install/my_bot/share/my_bot/local_setup.zsh
[0.878s] -- Symlinking: /home/shengda/dev_ws/install/my_bot/share/my_bot/local_setup.dsv
[0.893s] -- Symlinking: /home/shengda/dev_ws/install/my_bot/share/my_bot/package.dsv
[0.907s] -- Symlinking: /home/shengda/dev_ws/install/my_bot/share/ament_index/resource_index/packages/my_bot
[0.923s] -- Symlinking: /home/shengda/dev_ws/install/my_bot/share/my_bot/cmake/my_botConfig.cmake
[0.937s] -- Symlinking: /home/shengda/dev_ws/install/my_bot/share/my_bot/cmake/my_botConfig-version.cmake
[0.952s] -- Symlinking: /home/shengda/dev_ws/install/my_bot/share/my_bot/package.xml
[0.969s] Invoked command in '/home/shengda/dev_ws/build/my_bot' returned '0': CMAKE_PREFIX_PATH=/opt/ros/foxy CONDA_PROMPT_MODIFIER=(base) /usr/bin/cmake --install /home/shengda/dev_ws/build/my_bot
